2026-03-08 12:19:23.466 [http-nio-5353-exec-1] INFO  com.man.backend.auth.controller.AuthController - POST /api/auth/openid codeLength=32
2026-03-08 12:20:43.460 [http-nio-5353-exec-2] INFO  com.man.backend.auth.controller.AuthController - POST /api/auth/openid codeLength=32
2026-03-08 12:21:24.996 [http-nio-5353-exec-1] INFO  com.man.backend.auth.controller.AuthController - POST /api/auth/openid codeLength=32
2026-03-08 12:22:19.180 [http-nio-5353-exec-1] INFO  com.man.backend.auth.controller.AuthController - POST /api/auth/openid codeLength=32
2026-03-08 12:23:22.506 [http-nio-5353-exec-1] INFO  com.man.backend.auth.controller.AuthController - POST /api/auth/openid code=0e3VNWkl2KZWjh4VSYll2RzgE74VNWki
2026-03-08 12:23:22.508 [http-nio-5353-exec-1] INFO  com.man.backend.auth.controller.AuthController - POST /api/auth/openid codeLength=32
2026-03-08 12:32:16.048 [http-nio-5353-exec-1] INFO  com.man.backend.auth.controller.AuthController - POST /api/auth/openid code=0d3zoell29ldkh4bpYnl2ZffjC4zoelb
2026-03-08 12:32:16.048 [http-nio-5353-exec-1] INFO  com.man.backend.auth.controller.AuthController - POST /api/auth/openid codeLength=32
2026-03-08 12:32:22.399 [http-nio-5353-exec-3] INFO  com.man.backend.auth.controller.AuthController - POST /api/auth/openid code=0c3UiGkl2ZfFjh4Ljhml2ceRpw1UiGkf
2026-03-08 12:32:22.399 [http-nio-5353-exec-3] INFO  com.man.backend.auth.controller.AuthController - POST /api/auth/openid codeLength=32
2026-03-08 12:53:14.447 [http-nio-5353-exec-7] INFO  com.man.backend.auth.controller.AuthController - POST /api/auth/openid code=0c374snl24m9ih4txhol2HuSqI074snC
2026-03-08 12:53:14.448 [http-nio-5353-exec-7] INFO  com.man.backend.auth.controller.AuthController - POST /api/auth/openid codeLength=32
2026-03-08 12:53:18.598 [http-nio-5353-exec-5] INFO  com.man.backend.auth.controller.AuthController - POST /api/auth/openid code=0d35DYkl2UAwjh4EBWml2b855C15DYkV
2026-03-08 12:53:18.599 [http-nio-5353-exec-5] INFO  com.man.backend.auth.controller.AuthController - POST /api/auth/openid codeLength=32
2026-03-08 12:53:19.898 [http-nio-5353-exec-6] INFO  com.man.backend.auth.controller.AuthController - POST /api/auth/openid code=0a3M471w348oD63ZdF2w3AselH0M471Q
2026-03-08 12:53:19.898 [http-nio-5353-exec-6] INFO  com.man.backend.auth.controller.AuthController - POST /api/auth/openid codeLength=32
2026-03-08 15:44:14.298 [http-nio-5353-exec-8] INFO  com.man.backend.auth.controller.AuthController - POST /api/auth/openid code=0a3LN6Ga1qIykL0bpGGa1xo1WK3LN6G0
2026-03-08 15:44:14.302 [http-nio-5353-exec-8] INFO  com.man.backend.auth.controller.AuthController - POST /api/auth/openid codeLength=32
2026-03-08 15:44:28.616 [http-nio-5353-exec-9] INFO  com.man.backend.auth.controller.AuthController - POST /api/auth/openid code=0a3Js01w3efUE63fa92w37r5Zg2Js019
2026-03-08 15:44:28.617 [http-nio-5353-exec-9] INFO  com.man.backend.auth.controller.AuthController - POST /api/auth/openid codeLength=32
2026-03-08 15:44:36.463 [http-nio-5353-exec-10] INFO  com.man.backend.auth.controller.AuthController - POST /api/auth/openid code=0a3C1Skl2BuWjh4Qcdnl2yPcE74C1Sku
2026-03-08 15:44:36.464 [http-nio-5353-exec-10] INFO  com.man.backend.auth.controller.AuthController - POST /api/auth/openid codeLength=32
2026-03-08 15:49:19.500 [http-nio-5353-exec-3] INFO  com.man.backend.auth.controller.AuthController - POST /api/auth/openid code=0a3HH4nl2rdJhh4GInll2V6Qcj2HH4nR
2026-03-08 15:49:19.501 [http-nio-5353-exec-3] INFO  com.man.backend.auth.controller.AuthController - POST /api/auth/openid codeLength=32
2026-03-08 15:49:24.165 [http-nio-5353-exec-2] INFO  com.man.backend.auth.controller.AuthController - POST /api/auth/openid code=0c3kaoGa152hkL06ehHa1ybPZR1kaoGX
2026-03-08 15:49:24.165 [http-nio-5353-exec-2] INFO  com.man.backend.auth.controller.AuthController - POST /api/auth/openid codeLength=32
